<?xml version="1.0" encoding="UTF-8"?>
<!-- Generated by org.testng.reporters.JUnitReportReporter -->
<testsuite skipped="0" hostname="spenn0821" name="com.pennglobal.app.AppiumTest" tests="2" failures="0" timestamp="2022-01-24T21:24:41 EST" time="0.003" errors="0">
  <testcase name="IOSApps" time="0.000" classname="com.pennglobal.app.AppiumTest"/>
  <system-out/>
  <testcase name="AppAndroid" time="0.003" classname="com.pennglobal.app.AppiumTest"/>
  <system-out/>
</testsuite> <!-- com.pennglobal.app.AppiumTest -->
