<?xml version="1.0" encoding="UTF-8"?>
<!-- Generated by org.testng.reporters.JUnitReportReporter -->
<testsuite skipped="0" hostname="spenn0821" name="com.pennglobal.app.SeleniumTest" tests="2" failures="0" timestamp="2022-01-24T21:24:41 EST" time="0.000" errors="0">
  <testcase name="BrowserAutomation" time="0.000" classname="com.pennglobal.app.SeleniumTest"/>
  <system-out/>
  <testcase name="elementsUi" time="0.000" classname="com.pennglobal.app.SeleniumTest"/>
  <system-out/>
</testsuite> <!-- com.pennglobal.app.SeleniumTest -->
